<?xml version="1.0" encoding="UTF-8"?>
<coverage generated="1771051181194" clover="3.2.0">
  <project timestamp="1771051181194" name="All files">
    <metrics statements="270" coveredstatements="268" conditionals="95" coveredconditionals="86" methods="41" coveredmethods="39" elements="406" coveredelements="393" complexity="0" loc="270" ncloc="270" packages="1" files="1" classes="1"/>
    <file name="renderer.js" path="/home/frogg/projects/web-renderer/renderer.js">
      <metrics statements="270" coveredstatements="268" conditionals="95" coveredconditionals="86" methods="41" coveredmethods="39"/>
      <line num="10" count="87" type="stmt"/>
      <line num="11" count="87" type="stmt"/>
      <line num="12" count="87" type="stmt"/>
      <line num="13" count="87" type="stmt"/>
      <line num="14" count="87" type="stmt"/>
      <line num="15" count="87" type="stmt"/>
      <line num="16" count="87" type="stmt"/>
      <line num="17" count="87" type="stmt"/>
      <line num="18" count="87" type="stmt"/>
      <line num="19" count="87" type="stmt"/>
      <line num="20" count="87" type="stmt"/>
      <line num="21" count="87" type="stmt"/>
      <line num="22" count="87" type="stmt"/>
      <line num="23" count="87" type="stmt"/>
      <line num="26" count="87" type="stmt"/>
      <line num="27" count="87" type="stmt"/>
      <line num="29" count="87" type="stmt"/>
      <line num="30" count="87" type="stmt"/>
      <line num="35" count="87" type="stmt"/>
      <line num="36" count="87" type="stmt"/>
      <line num="39" count="87" type="stmt"/>
      <line num="40" count="87" type="stmt"/>
      <line num="46" count="87" type="stmt"/>
      <line num="49" count="87" type="stmt"/>
      <line num="53" count="87" type="stmt"/>
      <line num="54" count="87" type="stmt"/>
      <line num="55" count="87" type="stmt"/>
      <line num="56" count="87" type="stmt"/>
      <line num="59" count="87" type="stmt"/>
      <line num="60" count="87" type="stmt"/>
      <line num="62" count="87" type="stmt"/>
      <line num="63" count="87" type="stmt"/>
      <line num="64" count="87" type="stmt"/>
      <line num="65" count="87" type="stmt"/>
      <line num="66" count="87" type="stmt"/>
      <line num="67" count="87" type="stmt"/>
      <line num="70" count="87" type="stmt"/>
      <line num="71" count="87" type="stmt"/>
      <line num="72" count="87" type="stmt"/>
      <line num="74" count="87" type="stmt"/>
      <line num="75" count="87" type="stmt"/>
      <line num="76" count="87" type="stmt"/>
      <line num="79" count="87" type="stmt"/>
      <line num="80" count="87" type="stmt"/>
      <line num="81" count="87" type="stmt"/>
      <line num="82" count="87" type="stmt"/>
      <line num="83" count="87" type="stmt"/>
      <line num="84" count="87" type="stmt"/>
      <line num="87" count="87" type="stmt"/>
      <line num="90" count="87" type="stmt"/>
      <line num="95" count="115" type="cond" truecount="2" falsecount="0"/>
      <line num="96" count="28" type="stmt"/>
      <line num="100" count="115" type="cond" truecount="6" falsecount="0"/>
      <line num="102" count="102" type="stmt"/>
      <line num="103" count="102" type="stmt"/>
      <line num="105" count="3" type="stmt"/>
      <line num="106" count="3" type="stmt"/>
      <line num="108" count="2" type="stmt"/>
      <line num="109" count="2" type="stmt"/>
      <line num="111" count="2" type="stmt"/>
      <line num="112" count="2" type="stmt"/>
      <line num="114" count="2" type="stmt"/>
      <line num="115" count="2" type="stmt"/>
      <line num="118" count="4" type="stmt"/>
      <line num="121" count="4" type="stmt"/>
      <line num="122" count="4" type="stmt"/>
      <line num="127" count="4" type="stmt"/>
      <line num="128" count="4" type="stmt"/>
      <line num="131" count="4" type="stmt"/>
      <line num="132" count="4" type="stmt"/>
      <line num="133" count="4" type="stmt"/>
      <line num="134" count="4" type="stmt"/>
      <line num="135" count="4" type="stmt"/>
      <line num="138" count="4" type="stmt"/>
      <line num="139" count="4" type="stmt"/>
      <line num="140" count="4" type="stmt"/>
      <line num="141" count="4" type="stmt"/>
      <line num="142" count="4" type="stmt"/>
      <line num="145" count="4" type="stmt"/>
      <line num="146" count="4" type="stmt"/>
      <line num="147" count="4" type="stmt"/>
      <line num="148" count="4" type="stmt"/>
      <line num="150" count="4" type="stmt"/>
      <line num="151" count="4" type="stmt"/>
      <line num="152" count="4" type="stmt"/>
      <line num="153" count="4" type="stmt"/>
      <line num="155" count="4" type="stmt"/>
      <line num="156" count="4" type="stmt"/>
      <line num="157" count="4" type="stmt"/>
      <line num="160" count="111" type="stmt"/>
      <line num="167" count="111" type="stmt"/>
      <line num="168" count="111" type="stmt"/>
      <line num="169" count="111" type="stmt"/>
      <line num="170" count="111" type="stmt"/>
      <line num="174" count="6" type="stmt"/>
      <line num="175" count="6" type="cond" truecount="2" falsecount="0"/>
      <line num="177" count="5" type="stmt"/>
      <line num="179" count="5" type="cond" truecount="2" falsecount="0"/>
      <line num="180" count="2" type="stmt"/>
      <line num="181" count="3" type="cond" truecount="2" falsecount="0"/>
      <line num="182" count="1" type="stmt"/>
      <line num="184" count="2" type="stmt"/>
      <line num="189" count="4" type="stmt"/>
      <line num="190" count="4" type="cond" truecount="2" falsecount="0"/>
      <line num="192" count="3" type="stmt"/>
      <line num="193" count="3" type="stmt"/>
      <line num="194" count="3" type="stmt"/>
      <line num="198" count="7" type="stmt"/>
      <line num="199" count="7" type="cond" truecount="4" falsecount="0"/>
      <line num="201" count="6" type="stmt"/>
      <line num="203" count="6" type="stmt"/>
      <line num="204" count="9" type="stmt"/>
      <line num="205" count="9" type="stmt"/>
      <line num="209" count="6" type="cond" truecount="2" falsecount="0"/>
      <line num="210" count="5" type="stmt"/>
      <line num="213" count="6" type="stmt"/>
      <line num="214" count="6" type="stmt"/>
      <line num="218" count="18" type="cond" truecount="4" falsecount="0"/>
      <line num="220" count="8" type="stmt"/>
      <line num="222" count="8" type="stmt"/>
      <line num="223" count="9" type="cond" truecount="2" falsecount="0"/>
      <line num="224" count="8" type="cond" truecount="2" falsecount="0"/>
      <line num="225" count="8" type="stmt"/>
      <line num="227" count="9" type="cond" truecount="4" falsecount="0"/>
      <line num="228" count="1" type="stmt"/>
      <line num="229" count="1" type="stmt"/>
      <line num="230" count="1" type="cond" truecount="1" falsecount="1"/>
      <line num="231" count="1" type="stmt"/>
      <line num="232" count="1" type="stmt"/>
      <line num="233" count="1" type="stmt"/>
      <line num="237" count="9" type="cond" truecount="4" falsecount="0"/>
      <line num="238" count="6" type="stmt"/>
      <line num="239" count="6" type="stmt"/>
      <line num="240" count="6" type="stmt"/>
      <line num="241" count="6" type="stmt"/>
      <line num="249" count="8" type="stmt"/>
      <line num="250" count="8" type="stmt"/>
      <line num="251" count="8" type="stmt"/>
      <line num="253" count="8" type="stmt"/>
      <line num="254" count="8" type="stmt"/>
      <line num="255" count="8" type="stmt"/>
      <line num="258" count="8" type="cond" truecount="2" falsecount="0"/>
      <line num="259" count="7" type="stmt"/>
      <line num="262" count="7" type="stmt"/>
      <line num="265" count="7" type="stmt"/>
      <line num="266" count="7" type="stmt"/>
      <line num="269" count="7" type="stmt"/>
      <line num="270" count="14" type="cond" truecount="2" falsecount="0"/>
      <line num="271" count="7" type="stmt"/>
      <line num="272" count="7" type="stmt"/>
      <line num="274" count="7" type="cond" truecount="4" falsecount="1"/>
      <line num="275" count="7" type="cond" truecount="1" falsecount="1"/>
      <line num="276" count="7" type="stmt"/>
      <line num="277" count="7" type="cond" truecount="1" falsecount="1"/>
      <line num="278" count="0" type="stmt"/>
      <line num="280" count="7" type="stmt"/>
      <line num="287" count="7" type="stmt"/>
      <line num="290" count="1" type="stmt"/>
      <line num="291" count="1" type="stmt"/>
      <line num="296" count="8" type="cond" truecount="2" falsecount="0"/>
      <line num="297" count="2" type="stmt"/>
      <line num="298" count="2" type="stmt"/>
      <line num="299" count="2" type="stmt"/>
      <line num="300" count="2" type="stmt"/>
      <line num="303" count="2" type="stmt"/>
      <line num="306" count="2" type="cond" truecount="2" falsecount="0"/>
      <line num="307" count="1" type="stmt"/>
      <line num="308" count="1" type="stmt"/>
      <line num="309" count="2" type="cond" truecount="1" falsecount="1"/>
      <line num="310" count="2" type="stmt"/>
      <line num="311" count="2" type="stmt"/>
      <line num="312" count="2" type="cond" truecount="2" falsecount="0"/>
      <line num="313" count="1" type="stmt"/>
      <line num="320" count="2" type="stmt"/>
      <line num="321" count="2" type="stmt"/>
      <line num="322" count="2" type="stmt"/>
      <line num="323" count="2" type="stmt"/>
      <line num="325" count="2" type="stmt"/>
      <line num="327" count="6" type="stmt"/>
      <line num="330" count="8" type="stmt"/>
      <line num="334" count="5" type="stmt"/>
      <line num="335" count="5" type="stmt"/>
      <line num="336" count="5" type="stmt"/>
      <line num="338" count="5" type="stmt"/>
      <line num="339" count="5" type="stmt"/>
      <line num="342" count="5" type="cond" truecount="2" falsecount="0"/>
      <line num="343" count="4" type="stmt"/>
      <line num="346" count="4" type="stmt"/>
      <line num="349" count="4" type="stmt"/>
      <line num="350" count="4" type="stmt"/>
      <line num="353" count="4" type="stmt"/>
      <line num="354" count="8" type="cond" truecount="2" falsecount="0"/>
      <line num="355" count="4" type="stmt"/>
      <line num="356" count="4" type="stmt"/>
      <line num="359" count="4" type="cond" truecount="1" falsecount="1"/>
      <line num="360" count="4" type="stmt"/>
      <line num="361" count="4" type="cond" truecount="2" falsecount="0"/>
      <line num="362" count="1" type="stmt"/>
      <line num="364" count="4" type="stmt"/>
      <line num="370" count="4" type="stmt"/>
      <line num="373" count="1" type="stmt"/>
      <line num="374" count="1" type="stmt"/>
      <line num="377" count="5" type="stmt"/>
      <line num="381" count="4" type="stmt"/>
      <line num="382" count="4" type="stmt"/>
      <line num="383" count="4" type="stmt"/>
      <line num="385" count="4" type="stmt"/>
      <line num="387" count="3" type="cond" truecount="1" falsecount="1"/>
      <line num="388" count="3" type="stmt"/>
      <line num="391" count="3" type="stmt"/>
      <line num="394" count="3" type="stmt"/>
      <line num="395" count="3" type="stmt"/>
      <line num="398" count="3" type="stmt"/>
      <line num="399" count="7" type="cond" truecount="2" falsecount="0"/>
      <line num="400" count="4" type="stmt"/>
      <line num="401" count="4" type="stmt"/>
      <line num="405" count="1" type="stmt"/>
      <line num="406" count="1" type="stmt"/>
      <line num="409" count="4" type="stmt"/>
      <line num="413" count="18" type="stmt"/>
      <line num="414" count="18" type="stmt"/>
      <line num="415" count="18" type="stmt"/>
      <line num="417" count="18" type="stmt"/>
      <line num="418" count="18" type="stmt"/>
      <line num="419" count="18" type="cond" truecount="2" falsecount="0"/>
      <line num="420" count="17" type="stmt"/>
      <line num="421" count="17" type="stmt"/>
      <line num="426" count="2" type="stmt"/>
      <line num="427" count="2" type="stmt"/>
      <line num="431" count="1" type="stmt"/>
      <line num="432" count="1" type="stmt"/>
      <line num="436" count="4" type="cond" truecount="2" falsecount="0"/>
      <line num="438" count="3" type="stmt"/>
      <line num="439" count="3" type="stmt"/>
      <line num="440" count="8" type="cond" truecount="2" falsecount="0"/>
      <line num="441" count="7" type="cond" truecount="2" falsecount="0"/>
      <line num="442" count="2" type="stmt"/>
      <line num="444" count="6" type="stmt"/>
      <line num="451" count="1" type="stmt"/>
      <line num="455" count="2" type="stmt"/>
      <line num="459" count="3" type="cond" truecount="2" falsecount="0"/>
      <line num="461" count="2" type="stmt"/>
      <line num="462" count="2" type="cond" truecount="1" falsecount="1"/>
      <line num="463" count="2" type="cond" truecount="2" falsecount="0"/>
      <line num="464" count="2" type="stmt"/>
      <line num="466" count="1" type="stmt"/>
      <line num="473" count="2" type="stmt"/>
      <line num="474" count="2" type="stmt"/>
      <line num="475" count="2" type="stmt"/>
      <line num="479" count="3" type="stmt"/>
      <line num="480" count="3" type="stmt"/>
      <line num="481" count="3" type="stmt"/>
      <line num="482" count="3" type="stmt"/>
      <line num="486" count="93" type="stmt"/>
      <line num="487" count="93" type="stmt"/>
      <line num="488" count="93" type="stmt"/>
      <line num="490" count="93" type="cond" truecount="2" falsecount="0"/>
      <line num="491" count="1" type="stmt"/>
      <line num="492" count="1" type="stmt"/>
      <line num="493" count="1" type="stmt"/>
      <line num="494" count="1" type="stmt"/>
      <line num="499" count="90" type="stmt"/>
      <line num="502" count="90" type="cond" truecount="4" falsecount="0"/>
      <line num="503" count="89" type="stmt"/>
      <line num="504" count="89" type="stmt"/>
      <line num="507" count="90" type="stmt"/>
      <line num="508" count="90" type="stmt"/>
      <line num="509" count="90" type="stmt"/>
      <line num="516" count="1" type="cond" truecount="1" falsecount="1"/>
      <line num="517" count="0" type="stmt"/>
    </file>
  </project>
</coverage>
