{"/home/frogg/projects/web-renderer/renderer.js": {"path":"/home/frogg/projects/web-renderer/renderer.js","statementMap":{"0":{"start":{"line":10,"column":8},"end":{"line":10,"column":null}},"1":{"start":{"line":11,"column":8},"end":{"line":11,"column":null}},"2":{"start":{"line":12,"column":8},"end":{"line":12,"column":null}},"3":{"start":{"line":13,"column":8},"end":{"line":13,"column":null}},"4":{"start":{"line":14,"column":8},"end":{"line":14,"column":null}},"5":{"start":{"line":15,"column":8},"end":{"line":15,"column":null}},"6":{"start":{"line":16,"column":8},"end":{"line":16,"column":null}},"7":{"start":{"line":17,"column":8},"end":{"line":17,"column":null}},"8":{"start":{"line":18,"column":8},"end":{"line":18,"column":null}},"9":{"start":{"line":19,"column":8},"end":{"line":19,"column":null}},"10":{"start":{"line":20,"column":8},"end":{"line":20,"column":null}},"11":{"start":{"line":21,"column":8},"end":{"line":21,"column":null}},"12":{"start":{"line":22,"column":8},"end":{"line":22,"column":38}},"13":{"start":{"line":23,"column":8},"end":{"line":23,"column":28}},"14":{"start":{"line":26,"column":8},"end":{"line":26,"column":null}},"15":{"start":{"line":27,"column":8},"end":{"line":27,"column":null}},"16":{"start":{"line":29,"column":8},"end":{"line":29,"column":null}},"17":{"start":{"line":30,"column":8},"end":{"line":30,"column":null}},"18":{"start":{"line":35,"column":8},"end":{"line":35,"column":null}},"19":{"start":{"line":36,"column":8},"end":{"line":36,"column":null}},"20":{"start":{"line":39,"column":23},"end":{"line":39,"column":62}},"21":{"start":{"line":40,"column":8},"end":{"line":45,"column":null}},"22":{"start":{"line":46,"column":8},"end":{"line":46,"column":null}},"23":{"start":{"line":49,"column":8},"end":{"line":52,"column":null}},"24":{"start":{"line":53,"column":8},"end":{"line":53,"column":null}},"25":{"start":{"line":54,"column":8},"end":{"line":54,"column":null}},"26":{"start":{"line":55,"column":8},"end":{"line":55,"column":null}},"27":{"start":{"line":56,"column":8},"end":{"line":56,"column":null}},"28":{"start":{"line":59,"column":8},"end":{"line":59,"column":null}},"29":{"start":{"line":60,"column":8},"end":{"line":60,"column":null}},"30":{"start":{"line":62,"column":8},"end":{"line":62,"column":null}},"31":{"start":{"line":63,"column":8},"end":{"line":63,"column":null}},"32":{"start":{"line":64,"column":8},"end":{"line":64,"column":null}},"33":{"start":{"line":65,"column":8},"end":{"line":65,"column":null}},"34":{"start":{"line":66,"column":8},"end":{"line":66,"column":null}},"35":{"start":{"line":67,"column":8},"end":{"line":67,"column":null}},"36":{"start":{"line":70,"column":28},"end":{"line":70,"column":63}},"37":{"start":{"line":71,"column":8},"end":{"line":71,"column":null}},"38":{"start":{"line":72,"column":8},"end":{"line":72,"column":null}},"39":{"start":{"line":74,"column":28},"end":{"line":74,"column":63}},"40":{"start":{"line":75,"column":8},"end":{"line":75,"column":null}},"41":{"start":{"line":76,"column":8},"end":{"line":76,"column":null}},"42":{"start":{"line":79,"column":8},"end":{"line":79,"column":null}},"43":{"start":{"line":80,"column":8},"end":{"line":80,"column":null}},"44":{"start":{"line":81,"column":8},"end":{"line":81,"column":null}},"45":{"start":{"line":82,"column":8},"end":{"line":82,"column":null}},"46":{"start":{"line":83,"column":8},"end":{"line":83,"column":null}},"47":{"start":{"line":84,"column":8},"end":{"line":84,"column":null}},"48":{"start":{"line":87,"column":8},"end":{"line":87,"column":null}},"49":{"start":{"line":90,"column":8},"end":{"line":90,"column":null}},"50":{"start":{"line":90,"column":48},"end":{"line":90,"column":69}},"51":{"start":{"line":95,"column":8},"end":{"line":97,"column":null}},"52":{"start":{"line":96,"column":12},"end":{"line":96,"column":null}},"53":{"start":{"line":100,"column":8},"end":{"line":158,"column":null}},"54":{"start":{"line":102,"column":16},"end":{"line":102,"column":null}},"55":{"start":{"line":103,"column":16},"end":{"line":103,"column":null}},"56":{"start":{"line":105,"column":16},"end":{"line":105,"column":null}},"57":{"start":{"line":106,"column":16},"end":{"line":106,"column":null}},"58":{"start":{"line":108,"column":16},"end":{"line":108,"column":null}},"59":{"start":{"line":109,"column":16},"end":{"line":109,"column":null}},"60":{"start":{"line":111,"column":16},"end":{"line":111,"column":null}},"61":{"start":{"line":112,"column":16},"end":{"line":112,"column":null}},"62":{"start":{"line":114,"column":16},"end":{"line":114,"column":null}},"63":{"start":{"line":115,"column":16},"end":{"line":115,"column":null}},"64":{"start":{"line":118,"column":30},"end":{"line":118,"column":47}},"65":{"start":{"line":121,"column":37},"end":{"line":121,"column":106}},"66":{"start":{"line":122,"column":37},"end":{"line":126,"column":18}},"67":{"start":{"line":127,"column":29},"end":{"line":127,"column":71}},"68":{"start":{"line":128,"column":16},"end":{"line":128,"column":null}},"69":{"start":{"line":131,"column":38},"end":{"line":131,"column":75}},"70":{"start":{"line":132,"column":30},"end":{"line":132,"column":73}},"71":{"start":{"line":133,"column":16},"end":{"line":133,"column":null}},"72":{"start":{"line":134,"column":16},"end":{"line":134,"column":null}},"73":{"start":{"line":135,"column":16},"end":{"line":135,"column":null}},"74":{"start":{"line":138,"column":39},"end":{"line":138,"column":89}},"75":{"start":{"line":139,"column":31},"end":{"line":139,"column":75}},"76":{"start":{"line":140,"column":16},"end":{"line":140,"column":null}},"77":{"start":{"line":141,"column":16},"end":{"line":141,"column":null}},"78":{"start":{"line":142,"column":16},"end":{"line":142,"column":null}},"79":{"start":{"line":145,"column":36},"end":{"line":145,"column":81}},"80":{"start":{"line":146,"column":28},"end":{"line":146,"column":69}},"81":{"start":{"line":147,"column":16},"end":{"line":147,"column":null}},"82":{"start":{"line":148,"column":16},"end":{"line":148,"column":null}},"83":{"start":{"line":150,"column":37},"end":{"line":150,"column":74}},"84":{"start":{"line":151,"column":29},"end":{"line":151,"column":71}},"85":{"start":{"line":152,"column":16},"end":{"line":152,"column":null}},"86":{"start":{"line":153,"column":16},"end":{"line":153,"column":null}},"87":{"start":{"line":155,"column":16},"end":{"line":155,"column":null}},"88":{"start":{"line":156,"column":16},"end":{"line":156,"column":null}},"89":{"start":{"line":157,"column":16},"end":{"line":157,"column":null}},"90":{"start":{"line":160,"column":25},"end":{"line":165,"column":10}},"91":{"start":{"line":167,"column":8},"end":{"line":167,"column":null}},"92":{"start":{"line":168,"column":8},"end":{"line":168,"column":null}},"93":{"start":{"line":169,"column":8},"end":{"line":169,"column":null}},"94":{"start":{"line":170,"column":8},"end":{"line":170,"column":null}},"95":{"start":{"line":174,"column":21},"end":{"line":174,"column":42}},"96":{"start":{"line":175,"column":8},"end":{"line":175,"column":null}},"97":{"start":{"line":175,"column":19},"end":{"line":175,"column":null}},"98":{"start":{"line":177,"column":20},"end":{"line":177,"column":60}},"99":{"start":{"line":179,"column":8},"end":{"line":185,"column":null}},"100":{"start":{"line":180,"column":12},"end":{"line":180,"column":null}},"101":{"start":{"line":181,"column":15},"end":{"line":185,"column":null}},"102":{"start":{"line":182,"column":12},"end":{"line":182,"column":null}},"103":{"start":{"line":184,"column":12},"end":{"line":184,"column":null}},"104":{"start":{"line":189,"column":21},"end":{"line":189,"column":42}},"105":{"start":{"line":190,"column":8},"end":{"line":190,"column":null}},"106":{"start":{"line":190,"column":19},"end":{"line":190,"column":null}},"107":{"start":{"line":192,"column":20},"end":{"line":192,"column":45}},"108":{"start":{"line":193,"column":8},"end":{"line":193,"column":null}},"109":{"start":{"line":194,"column":8},"end":{"line":194,"column":null}},"110":{"start":{"line":198,"column":22},"end":{"line":198,"column":40}},"111":{"start":{"line":199,"column":8},"end":{"line":199,"column":null}},"112":{"start":{"line":199,"column":42},"end":{"line":199,"column":null}},"113":{"start":{"line":201,"column":8},"end":{"line":201,"column":null}},"114":{"start":{"line":203,"column":8},"end":{"line":206,"column":null}},"115":{"start":{"line":204,"column":24},"end":{"line":204,"column":49}},"116":{"start":{"line":205,"column":12},"end":{"line":205,"column":null}},"117":{"start":{"line":209,"column":8},"end":{"line":211,"column":null}},"118":{"start":{"line":210,"column":12},"end":{"line":210,"column":null}},"119":{"start":{"line":213,"column":22},"end":{"line":213,"column":34}},"120":{"start":{"line":214,"column":8},"end":{"line":214,"column":null}},"121":{"start":{"line":218,"column":8},"end":{"line":218,"column":null}},"122":{"start":{"line":218,"column":65},"end":{"line":218,"column":null}},"123":{"start":{"line":220,"column":30},"end":{"line":220,"column":55}},"124":{"start":{"line":222,"column":8},"end":{"line":245,"column":null}},"125":{"start":{"line":223,"column":12},"end":{"line":244,"column":null}},"126":{"start":{"line":224,"column":34},"end":{"line":224,"column":99}},"127":{"start":{"line":225,"column":16},"end":{"line":243,"column":null}},"128":{"start":{"line":227,"column":20},"end":{"line":235,"column":null}},"129":{"start":{"line":228,"column":40},"end":{"line":228,"column":107}},"130":{"start":{"line":229,"column":38},"end":{"line":229,"column":68}},"131":{"start":{"line":230,"column":24},"end":{"line":234,"column":null}},"132":{"start":{"line":231,"column":28},"end":{"line":231,"column":null}},"133":{"start":{"line":232,"column":28},"end":{"line":232,"column":null}},"134":{"start":{"line":233,"column":28},"end":{"line":233,"column":null}},"135":{"start":{"line":237,"column":20},"end":{"line":242,"column":null}},"136":{"start":{"line":238,"column":38},"end":{"line":238,"column":77}},"137":{"start":{"line":239,"column":24},"end":{"line":239,"column":null}},"138":{"start":{"line":240,"column":24},"end":{"line":240,"column":null}},"139":{"start":{"line":241,"column":24},"end":{"line":241,"column":null}},"140":{"start":{"line":249,"column":23},"end":{"line":249,"column":39}},"141":{"start":{"line":250,"column":8},"end":{"line":329,"column":null}},"142":{"start":{"line":251,"column":25},"end":{"line":251,"column":40}},"143":{"start":{"line":253,"column":28},"end":{"line":293,"column":13}},"144":{"start":{"line":254,"column":16},"end":{"line":292,"column":null}},"145":{"start":{"line":255,"column":35},"end":{"line":255,"column":56}},"146":{"start":{"line":258,"column":20},"end":{"line":260,"column":null}},"147":{"start":{"line":259,"column":24},"end":{"line":259,"column":null}},"148":{"start":{"line":262,"column":20},"end":{"line":262,"column":null}},"149":{"start":{"line":265,"column":20},"end":{"line":265,"column":null}},"150":{"start":{"line":266,"column":20},"end":{"line":266,"column":null}},"151":{"start":{"line":269,"column":20},"end":{"line":284,"column":null}},"152":{"start":{"line":270,"column":24},"end":{"line":283,"column":null}},"153":{"start":{"line":271,"column":28},"end":{"line":271,"column":null}},"154":{"start":{"line":272,"column":28},"end":{"line":272,"column":null}},"155":{"start":{"line":274,"column":28},"end":{"line":282,"column":null}},"156":{"start":{"line":275,"column":50},"end":{"line":275,"column":115}},"157":{"start":{"line":276,"column":32},"end":{"line":281,"column":null}},"158":{"start":{"line":277,"column":36},"end":{"line":279,"column":null}},"159":{"start":{"line":278,"column":40},"end":{"line":278,"column":null}},"160":{"start":{"line":280,"column":36},"end":{"line":280,"column":null}},"161":{"start":{"line":287,"column":20},"end":{"line":287,"column":null}},"162":{"start":{"line":290,"column":20},"end":{"line":290,"column":null}},"163":{"start":{"line":291,"column":20},"end":{"line":291,"column":null}},"164":{"start":{"line":296,"column":12},"end":{"line":328,"column":null}},"165":{"start":{"line":297,"column":34},"end":{"line":297,"column":50}},"166":{"start":{"line":298,"column":16},"end":{"line":324,"column":null}},"167":{"start":{"line":299,"column":36},"end":{"line":299,"column":58}},"168":{"start":{"line":300,"column":38},"end":{"line":300,"column":53}},"169":{"start":{"line":303,"column":38},"end":{"line":303,"column":66}},"170":{"start":{"line":306,"column":20},"end":{"line":318,"column":null}},"171":{"start":{"line":307,"column":24},"end":{"line":317,"column":null}},"172":{"start":{"line":308,"column":28},"end":{"line":316,"column":null}},"173":{"start":{"line":309,"column":32},"end":{"line":315,"column":null}},"174":{"start":{"line":310,"column":52},"end":{"line":310,"column":106}},"175":{"start":{"line":311,"column":50},"end":{"line":311,"column":80}},"176":{"start":{"line":312,"column":36},"end":{"line":314,"column":null}},"177":{"start":{"line":313,"column":40},"end":{"line":313,"column":null}},"178":{"start":{"line":320,"column":20},"end":{"line":320,"column":null}},"179":{"start":{"line":321,"column":38},"end":{"line":321,"column":53}},"180":{"start":{"line":322,"column":20},"end":{"line":322,"column":null}},"181":{"start":{"line":323,"column":20},"end":{"line":323,"column":null}},"182":{"start":{"line":325,"column":16},"end":{"line":325,"column":null}},"183":{"start":{"line":327,"column":16},"end":{"line":327,"column":null}},"184":{"start":{"line":330,"column":8},"end":{"line":330,"column":null}},"185":{"start":{"line":334,"column":23},"end":{"line":334,"column":39}},"186":{"start":{"line":335,"column":8},"end":{"line":376,"column":null}},"187":{"start":{"line":336,"column":32},"end":{"line":336,"column":47}},"188":{"start":{"line":338,"column":12},"end":{"line":375,"column":null}},"189":{"start":{"line":339,"column":31},"end":{"line":339,"column":68}},"190":{"start":{"line":342,"column":16},"end":{"line":344,"column":null}},"191":{"start":{"line":343,"column":20},"end":{"line":343,"column":null}},"192":{"start":{"line":346,"column":16},"end":{"line":346,"column":null}},"193":{"start":{"line":349,"column":16},"end":{"line":349,"column":null}},"194":{"start":{"line":350,"column":16},"end":{"line":350,"column":null}},"195":{"start":{"line":353,"column":16},"end":{"line":367,"column":null}},"196":{"start":{"line":354,"column":20},"end":{"line":366,"column":null}},"197":{"start":{"line":355,"column":24},"end":{"line":355,"column":null}},"198":{"start":{"line":356,"column":24},"end":{"line":356,"column":null}},"199":{"start":{"line":359,"column":42},"end":{"line":359,"column":107}},"200":{"start":{"line":360,"column":24},"end":{"line":365,"column":null}},"201":{"start":{"line":361,"column":28},"end":{"line":363,"column":null}},"202":{"start":{"line":362,"column":32},"end":{"line":362,"column":null}},"203":{"start":{"line":364,"column":28},"end":{"line":364,"column":null}},"204":{"start":{"line":370,"column":16},"end":{"line":370,"column":null}},"205":{"start":{"line":373,"column":16},"end":{"line":373,"column":null}},"206":{"start":{"line":374,"column":16},"end":{"line":374,"column":null}},"207":{"start":{"line":377,"column":8},"end":{"line":377,"column":null}},"208":{"start":{"line":381,"column":23},"end":{"line":381,"column":39}},"209":{"start":{"line":382,"column":8},"end":{"line":408,"column":null}},"210":{"start":{"line":383,"column":32},"end":{"line":383,"column":47}},"211":{"start":{"line":385,"column":12},"end":{"line":407,"column":null}},"212":{"start":{"line":387,"column":16},"end":{"line":389,"column":null}},"213":{"start":{"line":388,"column":20},"end":{"line":388,"column":null}},"214":{"start":{"line":391,"column":16},"end":{"line":391,"column":null}},"215":{"start":{"line":394,"column":16},"end":{"line":394,"column":null}},"216":{"start":{"line":395,"column":16},"end":{"line":395,"column":null}},"217":{"start":{"line":398,"column":16},"end":{"line":403,"column":null}},"218":{"start":{"line":399,"column":20},"end":{"line":402,"column":null}},"219":{"start":{"line":400,"column":24},"end":{"line":400,"column":null}},"220":{"start":{"line":401,"column":24},"end":{"line":401,"column":null}},"221":{"start":{"line":405,"column":16},"end":{"line":405,"column":null}},"222":{"start":{"line":406,"column":16},"end":{"line":406,"column":null}},"223":{"start":{"line":409,"column":8},"end":{"line":409,"column":null}},"224":{"start":{"line":413,"column":20},"end":{"line":413,"column":58}},"225":{"start":{"line":414,"column":23},"end":{"line":414,"column":57}},"226":{"start":{"line":415,"column":8},"end":{"line":415,"column":null}},"227":{"start":{"line":417,"column":21},"end":{"line":417,"column":53}},"228":{"start":{"line":418,"column":23},"end":{"line":418,"column":55}},"229":{"start":{"line":419,"column":8},"end":{"line":422,"column":null}},"230":{"start":{"line":420,"column":26},"end":{"line":420,"column":36}},"231":{"start":{"line":421,"column":12},"end":{"line":421,"column":null}},"232":{"start":{"line":426,"column":8},"end":{"line":426,"column":null}},"233":{"start":{"line":427,"column":8},"end":{"line":427,"column":null}},"234":{"start":{"line":431,"column":8},"end":{"line":431,"column":null}},"235":{"start":{"line":432,"column":8},"end":{"line":432,"column":null}},"236":{"start":{"line":436,"column":8},"end":{"line":436,"column":null}},"237":{"start":{"line":436,"column":33},"end":{"line":436,"column":null}},"238":{"start":{"line":438,"column":25},"end":{"line":438,"column":47}},"239":{"start":{"line":439,"column":8},"end":{"line":447,"column":null}},"240":{"start":{"line":440,"column":12},"end":{"line":446,"column":null}},"241":{"start":{"line":441,"column":16},"end":{"line":445,"column":null}},"242":{"start":{"line":442,"column":20},"end":{"line":442,"column":null}},"243":{"start":{"line":442,"column":50},"end":{"line":442,"column":73}},"244":{"start":{"line":444,"column":20},"end":{"line":444,"column":null}},"245":{"start":{"line":451,"column":8},"end":{"line":451,"column":null}},"246":{"start":{"line":455,"column":8},"end":{"line":455,"column":null}},"247":{"start":{"line":459,"column":8},"end":{"line":459,"column":null}},"248":{"start":{"line":459,"column":33},"end":{"line":459,"column":null}},"249":{"start":{"line":461,"column":8},"end":{"line":469,"column":null}},"250":{"start":{"line":462,"column":12},"end":{"line":468,"column":null}},"251":{"start":{"line":463,"column":16},"end":{"line":467,"column":null}},"252":{"start":{"line":464,"column":20},"end":{"line":464,"column":null}},"253":{"start":{"line":464,"column":50},"end":{"line":464,"column":80}},"254":{"start":{"line":466,"column":20},"end":{"line":466,"column":null}},"255":{"start":{"line":473,"column":8},"end":{"line":473,"column":null}},"256":{"start":{"line":474,"column":8},"end":{"line":474,"column":null}},"257":{"start":{"line":475,"column":8},"end":{"line":475,"column":null}},"258":{"start":{"line":479,"column":23},"end":{"line":479,"column":62}},"259":{"start":{"line":480,"column":8},"end":{"line":480,"column":null}},"260":{"start":{"line":481,"column":8},"end":{"line":481,"column":null}},"261":{"start":{"line":482,"column":8},"end":{"line":482,"column":null}},"262":{"start":{"line":486,"column":8},"end":{"line":486,"column":null}},"263":{"start":{"line":487,"column":28},"end":{"line":487,"column":45}},"264":{"start":{"line":488,"column":24},"end":{"line":488,"column":51}},"265":{"start":{"line":490,"column":8},"end":{"line":495,"column":null}},"266":{"start":{"line":491,"column":24},"end":{"line":491,"column":70}},"267":{"start":{"line":492,"column":12},"end":{"line":492,"column":null}},"268":{"start":{"line":493,"column":12},"end":{"line":493,"column":null}},"269":{"start":{"line":494,"column":12},"end":{"line":494,"column":null}},"270":{"start":{"line":499,"column":8},"end":{"line":499,"column":null}},"271":{"start":{"line":499,"column":36},"end":{"line":499,"column":50}},"272":{"start":{"line":502,"column":8},"end":{"line":505,"column":null}},"273":{"start":{"line":503,"column":12},"end":{"line":503,"column":null}},"274":{"start":{"line":504,"column":12},"end":{"line":504,"column":null}},"275":{"start":{"line":507,"column":8},"end":{"line":507,"column":null}},"276":{"start":{"line":508,"column":8},"end":{"line":508,"column":null}},"277":{"start":{"line":509,"column":8},"end":{"line":509,"column":null}},"278":{"start":{"line":516,"column":0},"end":{"line":518,"column":null}},"279":{"start":{"line":517,"column":4},"end":{"line":517,"column":null}}},"fnMap":{"0":{"name":"(anonymous_0)","decl":{"start":{"line":9,"column":4},"end":{"line":9,"column":15}},"loc":{"start":{"line":9,"column":18},"end":{"line":31,"column":null}},"line":9},"1":{"name":"(anonymous_1)","decl":{"start":{"line":33,"column":4},"end":{"line":33,"column":8}},"loc":{"start":{"line":33,"column":11},"end":{"line":91,"column":null}},"line":33},"2":{"name":"(anonymous_2)","decl":{"start":{"line":90,"column":42},"end":{"line":90,"column":43}},"loc":{"start":{"line":90,"column":48},"end":{"line":90,"column":69}},"line":90},"3":{"name":"(anonymous_3)","decl":{"start":{"line":93,"column":4},"end":{"line":93,"column":13}},"loc":{"start":{"line":93,"column":25},"end":{"line":171,"column":null}},"line":93},"4":{"name":"(anonymous_4)","decl":{"start":{"line":173,"column":4},"end":{"line":173,"column":20}},"loc":{"start":{"line":173,"column":28},"end":{"line":186,"column":null}},"line":173},"5":{"name":"(anonymous_5)","decl":{"start":{"line":188,"column":4},"end":{"line":188,"column":19}},"loc":{"start":{"line":188,"column":27},"end":{"line":195,"column":null}},"line":188},"6":{"name":"(anonymous_6)","decl":{"start":{"line":197,"column":4},"end":{"line":197,"column":23}},"loc":{"start":{"line":197,"column":31},"end":{"line":215,"column":null}},"line":197},"7":{"name":"(anonymous_7)","decl":{"start":{"line":217,"column":4},"end":{"line":217,"column":25}},"loc":{"start":{"line":217,"column":28},"end":{"line":246,"column":null}},"line":217},"8":{"name":"(anonymous_8)","decl":{"start":{"line":222,"column":36},"end":{"line":222,"column":37}},"loc":{"start":{"line":222,"column":47},"end":{"line":245,"column":9}},"line":222},"9":{"name":"(anonymous_9)","decl":{"start":{"line":225,"column":34},"end":{"line":225,"column":35}},"loc":{"start":{"line":225,"column":43},"end":{"line":243,"column":17}},"line":225},"10":{"name":"(anonymous_10)","decl":{"start":{"line":248,"column":4},"end":{"line":248,"column":15}},"loc":{"start":{"line":248,"column":22},"end":{"line":331,"column":null}},"line":248},"11":{"name":"(anonymous_11)","decl":{"start":{"line":250,"column":24},"end":{"line":250,"column":25}},"loc":{"start":{"line":250,"column":31},"end":{"line":329,"column":9}},"line":250},"12":{"name":"(anonymous_12)","decl":{"start":{"line":253,"column":28},"end":{"line":253,"column":29}},"loc":{"start":{"line":253,"column":43},"end":{"line":293,"column":13}},"line":253},"13":{"name":"(anonymous_13)","decl":{"start":{"line":269,"column":48},"end":{"line":269,"column":49}},"loc":{"start":{"line":269,"column":59},"end":{"line":284,"column":21}},"line":269},"14":{"name":"(anonymous_14)","decl":{"start":{"line":276,"column":50},"end":{"line":276,"column":51}},"loc":{"start":{"line":276,"column":59},"end":{"line":281,"column":33}},"line":276},"15":{"name":"(anonymous_15)","decl":{"start":{"line":298,"column":35},"end":{"line":298,"column":36}},"loc":{"start":{"line":298,"column":49},"end":{"line":324,"column":17}},"line":298},"16":{"name":"(anonymous_16)","decl":{"start":{"line":333,"column":4},"end":{"line":333,"column":15}},"loc":{"start":{"line":333,"column":22},"end":{"line":378,"column":null}},"line":333},"17":{"name":"(anonymous_17)","decl":{"start":{"line":335,"column":24},"end":{"line":335,"column":25}},"loc":{"start":{"line":335,"column":31},"end":{"line":376,"column":9}},"line":335},"18":{"name":"(anonymous_18)","decl":{"start":{"line":353,"column":44},"end":{"line":353,"column":45}},"loc":{"start":{"line":353,"column":55},"end":{"line":367,"column":17}},"line":353},"19":{"name":"(anonymous_19)","decl":{"start":{"line":360,"column":42},"end":{"line":360,"column":43}},"loc":{"start":{"line":360,"column":51},"end":{"line":365,"column":25}},"line":360},"20":{"name":"(anonymous_20)","decl":{"start":{"line":380,"column":4},"end":{"line":380,"column":16}},"loc":{"start":{"line":380,"column":23},"end":{"line":410,"column":null}},"line":380},"21":{"name":"(anonymous_21)","decl":{"start":{"line":382,"column":24},"end":{"line":382,"column":25}},"loc":{"start":{"line":382,"column":31},"end":{"line":408,"column":9}},"line":382},"22":{"name":"(anonymous_22)","decl":{"start":{"line":385,"column":51},"end":{"line":385,"column":52}},"loc":{"start":{"line":385,"column":61},"end":{"line":404,"column":13}},"line":385},"23":{"name":"(anonymous_23)","decl":{"start":{"line":398,"column":44},"end":{"line":398,"column":45}},"loc":{"start":{"line":398,"column":55},"end":{"line":403,"column":17}},"line":398},"24":{"name":"(anonymous_24)","decl":{"start":{"line":404,"column":15},"end":{"line":404,"column":16}},"loc":{"start":{"line":404,"column":26},"end":{"line":407,"column":13}},"line":404},"25":{"name":"(anonymous_25)","decl":{"start":{"line":412,"column":4},"end":{"line":412,"column":20}},"loc":{"start":{"line":412,"column":29},"end":{"line":423,"column":null}},"line":412},"26":{"name":"(anonymous_26)","decl":{"start":{"line":425,"column":4},"end":{"line":425,"column":22}},"loc":{"start":{"line":425,"column":30},"end":{"line":428,"column":null}},"line":425},"27":{"name":"(anonymous_27)","decl":{"start":{"line":430,"column":4},"end":{"line":430,"column":26}},"loc":{"start":{"line":430,"column":34},"end":{"line":433,"column":null}},"line":430},"28":{"name":"(anonymous_28)","decl":{"start":{"line":435,"column":4},"end":{"line":435,"column":21}},"loc":{"start":{"line":435,"column":29},"end":{"line":448,"column":null}},"line":435},"29":{"name":"(anonymous_29)","decl":{"start":{"line":439,"column":36},"end":{"line":439,"column":37}},"loc":{"start":{"line":439,"column":47},"end":{"line":447,"column":9}},"line":439},"30":{"name":"(anonymous_30)","decl":{"start":{"line":442,"column":43},"end":{"line":442,"column":46}},"loc":{"start":{"line":442,"column":50},"end":{"line":442,"column":73}},"line":442},"31":{"name":"(anonymous_31)","decl":{"start":{"line":450,"column":4},"end":{"line":450,"column":25}},"loc":{"start":{"line":450,"column":33},"end":{"line":452,"column":null}},"line":450},"32":{"name":"(anonymous_32)","decl":{"start":{"line":454,"column":4},"end":{"line":454,"column":18}},"loc":{"start":{"line":454,"column":21},"end":{"line":456,"column":null}},"line":454},"33":{"name":"(anonymous_33)","decl":{"start":{"line":458,"column":4},"end":{"line":458,"column":19}},"loc":{"start":{"line":458,"column":22},"end":{"line":470,"column":null}},"line":458},"34":{"name":"(anonymous_34)","decl":{"start":{"line":461,"column":36},"end":{"line":461,"column":37}},"loc":{"start":{"line":461,"column":47},"end":{"line":469,"column":9}},"line":461},"35":{"name":"(anonymous_35)","decl":{"start":{"line":464,"column":43},"end":{"line":464,"column":46}},"loc":{"start":{"line":464,"column":50},"end":{"line":464,"column":80}},"line":464},"36":{"name":"(anonymous_36)","decl":{"start":{"line":472,"column":4},"end":{"line":472,"column":15}},"loc":{"start":{"line":472,"column":18},"end":{"line":476,"column":null}},"line":472},"37":{"name":"(anonymous_37)","decl":{"start":{"line":478,"column":4},"end":{"line":478,"column":18}},"loc":{"start":{"line":478,"column":21},"end":{"line":483,"column":null}},"line":478},"38":{"name":"(anonymous_38)","decl":{"start":{"line":485,"column":4},"end":{"line":485,"column":13}},"loc":{"start":{"line":485,"column":16},"end":{"line":496,"column":null}},"line":485},"39":{"name":"(anonymous_39)","decl":{"start":{"line":498,"column":4},"end":{"line":498,"column":11}},"loc":{"start":{"line":498,"column":14},"end":{"line":510,"column":null}},"line":498},"40":{"name":"(anonymous_40)","decl":{"start":{"line":499,"column":30},"end":{"line":499,"column":31}},"loc":{"start":{"line":499,"column":36},"end":{"line":499,"column":50}},"line":499}},"branchMap":{"0":{"loc":{"start":{"line":95,"column":8},"end":{"line":97,"column":null}},"type":"if","locations":[{"start":{"line":95,"column":8},"end":{"line":97,"column":null}},{"start":{},"end":{}}],"line":95},"1":{"loc":{"start":{"line":100,"column":8},"end":{"line":158,"column":null}},"type":"switch","locations":[{"start":{"line":101,"column":12},"end":{"line":103,"column":null}},{"start":{"line":104,"column":12},"end":{"line":106,"column":null}},{"start":{"line":107,"column":12},"end":{"line":109,"column":null}},{"start":{"line":110,"column":12},"end":{"line":112,"column":null}},{"start":{"line":113,"column":12},"end":{"line":115,"column":null}},{"start":{"line":116,"column":12},"end":{"line":157,"column":null}}],"line":100},"2":{"loc":{"start":{"line":175,"column":8},"end":{"line":175,"column":null}},"type":"if","locations":[{"start":{"line":175,"column":8},"end":{"line":175,"column":null}},{"start":{},"end":{}}],"line":175},"3":{"loc":{"start":{"line":179,"column":8},"end":{"line":185,"column":null}},"type":"if","locations":[{"start":{"line":179,"column":8},"end":{"line":185,"column":null}},{"start":{"line":181,"column":15},"end":{"line":185,"column":null}}],"line":179},"4":{"loc":{"start":{"line":181,"column":15},"end":{"line":185,"column":null}},"type":"if","locations":[{"start":{"line":181,"column":15},"end":{"line":185,"column":null}},{"start":{"line":183,"column":15},"end":{"line":185,"column":null}}],"line":181},"5":{"loc":{"start":{"line":190,"column":8},"end":{"line":190,"column":null}},"type":"if","locations":[{"start":{"line":190,"column":8},"end":{"line":190,"column":null}},{"start":{},"end":{}}],"line":190},"6":{"loc":{"start":{"line":199,"column":8},"end":{"line":199,"column":null}},"type":"if","locations":[{"start":{"line":199,"column":8},"end":{"line":199,"column":null}},{"start":{},"end":{}}],"line":199},"7":{"loc":{"start":{"line":199,"column":12},"end":{"line":199,"column":40}},"type":"binary-expr","locations":[{"start":{"line":199,"column":12},"end":{"line":199,"column":18}},{"start":{"line":199,"column":22},"end":{"line":199,"column":40}}],"line":199},"8":{"loc":{"start":{"line":209,"column":8},"end":{"line":211,"column":null}},"type":"if","locations":[{"start":{"line":209,"column":8},"end":{"line":211,"column":null}},{"start":{},"end":{}}],"line":209},"9":{"loc":{"start":{"line":218,"column":8},"end":{"line":218,"column":null}},"type":"if","locations":[{"start":{"line":218,"column":8},"end":{"line":218,"column":null}},{"start":{},"end":{}}],"line":218},"10":{"loc":{"start":{"line":218,"column":12},"end":{"line":218,"column":63}},"type":"binary-expr","locations":[{"start":{"line":218,"column":12},"end":{"line":218,"column":31}},{"start":{"line":218,"column":35},"end":{"line":218,"column":63}}],"line":218},"11":{"loc":{"start":{"line":223,"column":12},"end":{"line":244,"column":null}},"type":"if","locations":[{"start":{"line":223,"column":12},"end":{"line":244,"column":null}},{"start":{},"end":{}}],"line":223},"12":{"loc":{"start":{"line":224,"column":34},"end":{"line":224,"column":99}},"type":"cond-expr","locations":[{"start":{"line":224,"column":66},"end":{"line":224,"column":80}},{"start":{"line":224,"column":83},"end":{"line":224,"column":99}}],"line":224},"13":{"loc":{"start":{"line":227,"column":20},"end":{"line":235,"column":null}},"type":"if","locations":[{"start":{"line":227,"column":20},"end":{"line":235,"column":null}},{"start":{},"end":{}}],"line":227},"14":{"loc":{"start":{"line":227,"column":24},"end":{"line":227,"column":53}},"type":"binary-expr","locations":[{"start":{"line":227,"column":24},"end":{"line":227,"column":31}},{"start":{"line":227,"column":35},"end":{"line":227,"column":53}}],"line":227},"15":{"loc":{"start":{"line":230,"column":24},"end":{"line":234,"column":null}},"type":"if","locations":[{"start":{"line":230,"column":24},"end":{"line":234,"column":null}},{"start":{},"end":{}}],"line":230},"16":{"loc":{"start":{"line":237,"column":20},"end":{"line":242,"column":null}},"type":"if","locations":[{"start":{"line":237,"column":20},"end":{"line":242,"column":null}},{"start":{},"end":{}}],"line":237},"17":{"loc":{"start":{"line":237,"column":24},"end":{"line":237,"column":64}},"type":"binary-expr","locations":[{"start":{"line":237,"column":24},"end":{"line":237,"column":52}},{"start":{"line":237,"column":56},"end":{"line":237,"column":64}}],"line":237},"18":{"loc":{"start":{"line":258,"column":20},"end":{"line":260,"column":null}},"type":"if","locations":[{"start":{"line":258,"column":20},"end":{"line":260,"column":null}},{"start":{},"end":{}}],"line":258},"19":{"loc":{"start":{"line":270,"column":24},"end":{"line":283,"column":null}},"type":"if","locations":[{"start":{"line":270,"column":24},"end":{"line":283,"column":null}},{"start":{},"end":{}}],"line":270},"20":{"loc":{"start":{"line":274,"column":28},"end":{"line":282,"column":null}},"type":"if","locations":[{"start":{"line":274,"column":28},"end":{"line":282,"column":null}},{"start":{},"end":{}}],"line":274},"21":{"loc":{"start":{"line":274,"column":32},"end":{"line":274,"column":119}},"type":"binary-expr","locations":[{"start":{"line":274,"column":32},"end":{"line":274,"column":47}},{"start":{"line":274,"column":52},"end":{"line":274,"column":95}},{"start":{"line":274,"column":99},"end":{"line":274,"column":118}}],"line":274},"22":{"loc":{"start":{"line":275,"column":50},"end":{"line":275,"column":115}},"type":"cond-expr","locations":[{"start":{"line":275,"column":82},"end":{"line":275,"column":96}},{"start":{"line":275,"column":99},"end":{"line":275,"column":115}}],"line":275},"23":{"loc":{"start":{"line":277,"column":36},"end":{"line":279,"column":null}},"type":"if","locations":[{"start":{"line":277,"column":36},"end":{"line":279,"column":null}},{"start":{},"end":{}}],"line":277},"24":{"loc":{"start":{"line":296,"column":12},"end":{"line":328,"column":null}},"type":"if","locations":[{"start":{"line":296,"column":12},"end":{"line":328,"column":null}},{"start":{"line":326,"column":19},"end":{"line":328,"column":null}}],"line":296},"25":{"loc":{"start":{"line":306,"column":20},"end":{"line":318,"column":null}},"type":"if","locations":[{"start":{"line":306,"column":20},"end":{"line":318,"column":null}},{"start":{},"end":{}}],"line":306},"26":{"loc":{"start":{"line":309,"column":32},"end":{"line":315,"column":null}},"type":"if","locations":[{"start":{"line":309,"column":32},"end":{"line":315,"column":null}},{"start":{},"end":{}}],"line":309},"27":{"loc":{"start":{"line":312,"column":36},"end":{"line":314,"column":null}},"type":"if","locations":[{"start":{"line":312,"column":36},"end":{"line":314,"column":null}},{"start":{},"end":{}}],"line":312},"28":{"loc":{"start":{"line":342,"column":16},"end":{"line":344,"column":null}},"type":"if","locations":[{"start":{"line":342,"column":16},"end":{"line":344,"column":null}},{"start":{},"end":{}}],"line":342},"29":{"loc":{"start":{"line":354,"column":20},"end":{"line":366,"column":null}},"type":"if","locations":[{"start":{"line":354,"column":20},"end":{"line":366,"column":null}},{"start":{},"end":{}}],"line":354},"30":{"loc":{"start":{"line":359,"column":42},"end":{"line":359,"column":107}},"type":"cond-expr","locations":[{"start":{"line":359,"column":74},"end":{"line":359,"column":88}},{"start":{"line":359,"column":91},"end":{"line":359,"column":107}}],"line":359},"31":{"loc":{"start":{"line":361,"column":28},"end":{"line":363,"column":null}},"type":"if","locations":[{"start":{"line":361,"column":28},"end":{"line":363,"column":null}},{"start":{},"end":{}}],"line":361},"32":{"loc":{"start":{"line":387,"column":16},"end":{"line":389,"column":null}},"type":"if","locations":[{"start":{"line":387,"column":16},"end":{"line":389,"column":null}},{"start":{},"end":{}}],"line":387},"33":{"loc":{"start":{"line":399,"column":20},"end":{"line":402,"column":null}},"type":"if","locations":[{"start":{"line":399,"column":20},"end":{"line":402,"column":null}},{"start":{},"end":{}}],"line":399},"34":{"loc":{"start":{"line":419,"column":8},"end":{"line":422,"column":null}},"type":"if","locations":[{"start":{"line":419,"column":8},"end":{"line":422,"column":null}},{"start":{},"end":{}}],"line":419},"35":{"loc":{"start":{"line":436,"column":8},"end":{"line":436,"column":null}},"type":"if","locations":[{"start":{"line":436,"column":8},"end":{"line":436,"column":null}},{"start":{},"end":{}}],"line":436},"36":{"loc":{"start":{"line":440,"column":12},"end":{"line":446,"column":null}},"type":"if","locations":[{"start":{"line":440,"column":12},"end":{"line":446,"column":null}},{"start":{},"end":{}}],"line":440},"37":{"loc":{"start":{"line":441,"column":16},"end":{"line":445,"column":null}},"type":"if","locations":[{"start":{"line":441,"column":16},"end":{"line":445,"column":null}},{"start":{"line":443,"column":23},"end":{"line":445,"column":null}}],"line":441},"38":{"loc":{"start":{"line":459,"column":8},"end":{"line":459,"column":null}},"type":"if","locations":[{"start":{"line":459,"column":8},"end":{"line":459,"column":null}},{"start":{},"end":{}}],"line":459},"39":{"loc":{"start":{"line":462,"column":12},"end":{"line":468,"column":null}},"type":"if","locations":[{"start":{"line":462,"column":12},"end":{"line":468,"column":null}},{"start":{},"end":{}}],"line":462},"40":{"loc":{"start":{"line":463,"column":16},"end":{"line":467,"column":null}},"type":"if","locations":[{"start":{"line":463,"column":16},"end":{"line":467,"column":null}},{"start":{"line":465,"column":23},"end":{"line":467,"column":null}}],"line":463},"41":{"loc":{"start":{"line":490,"column":8},"end":{"line":495,"column":null}},"type":"if","locations":[{"start":{"line":490,"column":8},"end":{"line":495,"column":null}},{"start":{},"end":{}}],"line":490},"42":{"loc":{"start":{"line":502,"column":8},"end":{"line":505,"column":null}},"type":"if","locations":[{"start":{"line":502,"column":8},"end":{"line":505,"column":null}},{"start":{},"end":{}}],"line":502},"43":{"loc":{"start":{"line":502,"column":12},"end":{"line":502,"column":49}},"type":"binary-expr","locations":[{"start":{"line":502,"column":12},"end":{"line":502,"column":30}},{"start":{"line":502,"column":34},"end":{"line":502,"column":49}}],"line":502},"44":{"loc":{"start":{"line":516,"column":0},"end":{"line":518,"column":null}},"type":"if","locations":[{"start":{"line":516,"column":0},"end":{"line":518,"column":null}},{"start":{},"end":{}}],"line":516}},"s":{"0":87,"1":87,"2":87,"3":87,"4":87,"5":87,"6":87,"7":87,"8":87,"9":87,"10":87,"11":87,"12":87,"13":87,"14":87,"15":87,"16":87,"17":87,"18":87,"19":87,"20":87,"21":87,"22":87,"23":87,"24":87,"25":87,"26":87,"27":87,"28":87,"29":87,"30":87,"31":87,"32":87,"33":87,"34":87,"35":87,"36":87,"37":87,"38":87,"39":87,"40":87,"41":87,"42":87,"43":87,"44":87,"45":87,"46":87,"47":87,"48":87,"49":87,"50":0,"51":115,"52":28,"53":115,"54":102,"55":102,"56":3,"57":3,"58":2,"59":2,"60":2,"61":2,"62":2,"63":2,"64":4,"65":4,"66":4,"67":4,"68":4,"69":4,"70":4,"71":4,"72":4,"73":4,"74":4,"75":4,"76":4,"77":4,"78":4,"79":4,"80":4,"81":4,"82":4,"83":4,"84":4,"85":4,"86":4,"87":4,"88":4,"89":4,"90":111,"91":111,"92":111,"93":111,"94":111,"95":6,"96":6,"97":1,"98":5,"99":5,"100":2,"101":3,"102":1,"103":2,"104":4,"105":4,"106":1,"107":3,"108":3,"109":3,"110":7,"111":7,"112":1,"113":6,"114":6,"115":9,"116":9,"117":6,"118":5,"119":6,"120":6,"121":18,"122":10,"123":8,"124":8,"125":9,"126":8,"127":8,"128":9,"129":1,"130":1,"131":1,"132":1,"133":1,"134":1,"135":9,"136":6,"137":6,"138":6,"139":6,"140":8,"141":8,"142":8,"143":8,"144":8,"145":8,"146":8,"147":7,"148":7,"149":7,"150":7,"151":7,"152":14,"153":7,"154":7,"155":7,"156":7,"157":7,"158":7,"159":0,"160":7,"161":7,"162":1,"163":1,"164":8,"165":2,"166":2,"167":2,"168":2,"169":2,"170":2,"171":1,"172":1,"173":2,"174":2,"175":2,"176":2,"177":1,"178":2,"179":2,"180":2,"181":2,"182":2,"183":6,"184":8,"185":5,"186":5,"187":5,"188":5,"189":5,"190":5,"191":4,"192":4,"193":4,"194":4,"195":4,"196":8,"197":4,"198":4,"199":4,"200":4,"201":4,"202":1,"203":4,"204":4,"205":1,"206":1,"207":5,"208":4,"209":4,"210":4,"211":4,"212":3,"213":3,"214":3,"215":3,"216":3,"217":3,"218":7,"219":4,"220":4,"221":1,"222":1,"223":4,"224":18,"225":18,"226":18,"227":18,"228":18,"229":18,"230":17,"231":17,"232":2,"233":2,"234":1,"235":1,"236":4,"237":1,"238":3,"239":3,"240":8,"241":7,"242":1,"243":2,"244":6,"245":1,"246":2,"247":3,"248":1,"249":2,"250":2,"251":2,"252":1,"253":2,"254":1,"255":2,"256":2,"257":2,"258":3,"259":3,"260":3,"261":3,"262":93,"263":93,"264":93,"265":93,"266":1,"267":1,"268":1,"269":1,"270":90,"271":0,"272":90,"273":89,"274":89,"275":90,"276":90,"277":90,"278":1,"279":0},"f":{"0":87,"1":87,"2":0,"3":115,"4":6,"5":4,"6":7,"7":18,"8":9,"9":9,"10":8,"11":8,"12":8,"13":14,"14":7,"15":2,"16":5,"17":5,"18":8,"19":4,"20":4,"21":4,"22":3,"23":7,"24":1,"25":18,"26":2,"27":1,"28":4,"29":8,"30":2,"31":1,"32":2,"33":3,"34":2,"35":2,"36":2,"37":3,"38":93,"39":90,"40":0},"b":{"0":[28,87],"1":[102,3,2,2,2,4],"2":[1,5],"3":[2,3],"4":[1,2],"5":[1,3],"6":[1,6],"7":[7,7],"8":[5,1],"9":[10,8],"10":[18,17],"11":[8,1],"12":[1,7],"13":[1,8],"14":[9,1],"15":[1,0],"16":[6,3],"17":[9,7],"18":[7,1],"19":[7,7],"20":[7,0],"21":[7,7,7],"22":[0,7],"23":[0,7],"24":[2,6],"25":[1,1],"26":[2,0],"27":[1,1],"28":[4,1],"29":[4,4],"30":[0,4],"31":[1,3],"32":[3,0],"33":[4,3],"34":[17,1],"35":[1,3],"36":[7,1],"37":[1,6],"38":[1,2],"39":[2,0],"40":[1,1],"41":[1,92],"42":[89,1],"43":[90,90],"44":[0,1]},"meta":{"lastBranch":45,"lastFunction":41,"lastStatement":280,"seen":{"f:9:4:9:15":0,"s:10:8:10:Infinity":0,"s:11:8:11:Infinity":1,"s:12:8:12:Infinity":2,"s:13:8:13:Infinity":3,"s:14:8:14:Infinity":4,"s:15:8:15:Infinity":5,"s:16:8:16:Infinity":6,"s:17:8:17:Infinity":7,"s:18:8:18:Infinity":8,"s:19:8:19:Infinity":9,"s:20:8:20:Infinity":10,"s:21:8:21:Infinity":11,"s:22:8:22:38":12,"s:23:8:23:28":13,"s:26:8:26:Infinity":14,"s:27:8:27:Infinity":15,"s:29:8:29:Infinity":16,"s:30:8:30:Infinity":17,"f:33:4:33:8":1,"s:35:8:35:Infinity":18,"s:36:8:36:Infinity":19,"s:39:23:39:62":20,"s:40:8:45:Infinity":21,"s:46:8:46:Infinity":22,"s:49:8:52:Infinity":23,"s:53:8:53:Infinity":24,"s:54:8:54:Infinity":25,"s:55:8:55:Infinity":26,"s:56:8:56:Infinity":27,"s:59:8:59:Infinity":28,"s:60:8:60:Infinity":29,"s:62:8:62:Infinity":30,"s:63:8:63:Infinity":31,"s:64:8:64:Infinity":32,"s:65:8:65:Infinity":33,"s:66:8:66:Infinity":34,"s:67:8:67:Infinity":35,"s:70:28:70:63":36,"s:71:8:71:Infinity":37,"s:72:8:72:Infinity":38,"s:74:28:74:63":39,"s:75:8:75:Infinity":40,"s:76:8:76:Infinity":41,"s:79:8:79:Infinity":42,"s:80:8:80:Infinity":43,"s:81:8:81:Infinity":44,"s:82:8:82:Infinity":45,"s:83:8:83:Infinity":46,"s:84:8:84:Infinity":47,"s:87:8:87:Infinity":48,"s:90:8:90:Infinity":49,"f:90:42:90:43":2,"s:90:48:90:69":50,"f:93:4:93:13":3,"b:95:8:97:Infinity:undefined:undefined:undefined:undefined":0,"s:95:8:97:Infinity":51,"s:96:12:96:Infinity":52,"b:101:12:103:Infinity:104:12:106:Infinity:107:12:109:Infinity:110:12:112:Infinity:113:12:115:Infinity:116:12:157:Infinity":1,"s:100:8:158:Infinity":53,"s:102:16:102:Infinity":54,"s:103:16:103:Infinity":55,"s:105:16:105:Infinity":56,"s:106:16:106:Infinity":57,"s:108:16:108:Infinity":58,"s:109:16:109:Infinity":59,"s:111:16:111:Infinity":60,"s:112:16:112:Infinity":61,"s:114:16:114:Infinity":62,"s:115:16:115:Infinity":63,"s:118:30:118:47":64,"s:121:37:121:106":65,"s:122:37:126:18":66,"s:127:29:127:71":67,"s:128:16:128:Infinity":68,"s:131:38:131:75":69,"s:132:30:132:73":70,"s:133:16:133:Infinity":71,"s:134:16:134:Infinity":72,"s:135:16:135:Infinity":73,"s:138:39:138:89":74,"s:139:31:139:75":75,"s:140:16:140:Infinity":76,"s:141:16:141:Infinity":77,"s:142:16:142:Infinity":78,"s:145:36:145:81":79,"s:146:28:146:69":80,"s:147:16:147:Infinity":81,"s:148:16:148:Infinity":82,"s:150:37:150:74":83,"s:151:29:151:71":84,"s:152:16:152:Infinity":85,"s:153:16:153:Infinity":86,"s:155:16:155:Infinity":87,"s:156:16:156:Infinity":88,"s:157:16:157:Infinity":89,"s:160:25:165:10":90,"s:167:8:167:Infinity":91,"s:168:8:168:Infinity":92,"s:169:8:169:Infinity":93,"s:170:8:170:Infinity":94,"f:173:4:173:20":4,"s:174:21:174:42":95,"b:175:8:175:Infinity:undefined:undefined:undefined:undefined":2,"s:175:8:175:Infinity":96,"s:175:19:175:Infinity":97,"s:177:20:177:60":98,"b:179:8:185:Infinity:181:15:185:Infinity":3,"s:179:8:185:Infinity":99,"s:180:12:180:Infinity":100,"b:181:15:185:Infinity:183:15:185:Infinity":4,"s:181:15:185:Infinity":101,"s:182:12:182:Infinity":102,"s:184:12:184:Infinity":103,"f:188:4:188:19":5,"s:189:21:189:42":104,"b:190:8:190:Infinity:undefined:undefined:undefined:undefined":5,"s:190:8:190:Infinity":105,"s:190:19:190:Infinity":106,"s:192:20:192:45":107,"s:193:8:193:Infinity":108,"s:194:8:194:Infinity":109,"f:197:4:197:23":6,"s:198:22:198:40":110,"b:199:8:199:Infinity:undefined:undefined:undefined:undefined":6,"s:199:8:199:Infinity":111,"b:199:12:199:18:199:22:199:40":7,"s:199:42:199:Infinity":112,"s:201:8:201:Infinity":113,"s:203:8:206:Infinity":114,"s:204:24:204:49":115,"s:205:12:205:Infinity":116,"b:209:8:211:Infinity:undefined:undefined:undefined:undefined":8,"s:209:8:211:Infinity":117,"s:210:12:210:Infinity":118,"s:213:22:213:34":119,"s:214:8:214:Infinity":120,"f:217:4:217:25":7,"b:218:8:218:Infinity:undefined:undefined:undefined:undefined":9,"s:218:8:218:Infinity":121,"b:218:12:218:31:218:35:218:63":10,"s:218:65:218:Infinity":122,"s:220:30:220:55":123,"s:222:8:245:Infinity":124,"f:222:36:222:37":8,"b:223:12:244:Infinity:undefined:undefined:undefined:undefined":11,"s:223:12:244:Infinity":125,"s:224:34:224:99":126,"b:224:66:224:80:224:83:224:99":12,"s:225:16:243:Infinity":127,"f:225:34:225:35":9,"b:227:20:235:Infinity:undefined:undefined:undefined:undefined":13,"s:227:20:235:Infinity":128,"b:227:24:227:31:227:35:227:53":14,"s:228:40:228:107":129,"s:229:38:229:68":130,"b:230:24:234:Infinity:undefined:undefined:undefined:undefined":15,"s:230:24:234:Infinity":131,"s:231:28:231:Infinity":132,"s:232:28:232:Infinity":133,"s:233:28:233:Infinity":134,"b:237:20:242:Infinity:undefined:undefined:undefined:undefined":16,"s:237:20:242:Infinity":135,"b:237:24:237:52:237:56:237:64":17,"s:238:38:238:77":136,"s:239:24:239:Infinity":137,"s:240:24:240:Infinity":138,"s:241:24:241:Infinity":139,"f:248:4:248:15":10,"s:249:23:249:39":140,"s:250:8:329:Infinity":141,"f:250:24:250:25":11,"s:251:25:251:40":142,"s:253:28:293:13":143,"f:253:28:253:29":12,"s:254:16:292:Infinity":144,"s:255:35:255:56":145,"b:258:20:260:Infinity:undefined:undefined:undefined:undefined":18,"s:258:20:260:Infinity":146,"s:259:24:259:Infinity":147,"s:262:20:262:Infinity":148,"s:265:20:265:Infinity":149,"s:266:20:266:Infinity":150,"s:269:20:284:Infinity":151,"f:269:48:269:49":13,"b:270:24:283:Infinity:undefined:undefined:undefined:undefined":19,"s:270:24:283:Infinity":152,"s:271:28:271:Infinity":153,"s:272:28:272:Infinity":154,"b:274:28:282:Infinity:undefined:undefined:undefined:undefined":20,"s:274:28:282:Infinity":155,"b:274:32:274:47:274:52:274:95:274:99:274:118":21,"s:275:50:275:115":156,"b:275:82:275:96:275:99:275:115":22,"s:276:32:281:Infinity":157,"f:276:50:276:51":14,"b:277:36:279:Infinity:undefined:undefined:undefined:undefined":23,"s:277:36:279:Infinity":158,"s:278:40:278:Infinity":159,"s:280:36:280:Infinity":160,"s:287:20:287:Infinity":161,"s:290:20:290:Infinity":162,"s:291:20:291:Infinity":163,"b:296:12:328:Infinity:326:19:328:Infinity":24,"s:296:12:328:Infinity":164,"s:297:34:297:50":165,"s:298:16:324:Infinity":166,"f:298:35:298:36":15,"s:299:36:299:58":167,"s:300:38:300:53":168,"s:303:38:303:66":169,"b:306:20:318:Infinity:undefined:undefined:undefined:undefined":25,"s:306:20:318:Infinity":170,"s:307:24:317:Infinity":171,"s:308:28:316:Infinity":172,"b:309:32:315:Infinity:undefined:undefined:undefined:undefined":26,"s:309:32:315:Infinity":173,"s:310:52:310:106":174,"s:311:50:311:80":175,"b:312:36:314:Infinity:undefined:undefined:undefined:undefined":27,"s:312:36:314:Infinity":176,"s:313:40:313:Infinity":177,"s:320:20:320:Infinity":178,"s:321:38:321:53":179,"s:322:20:322:Infinity":180,"s:323:20:323:Infinity":181,"s:325:16:325:Infinity":182,"s:327:16:327:Infinity":183,"s:330:8:330:Infinity":184,"f:333:4:333:15":16,"s:334:23:334:39":185,"s:335:8:376:Infinity":186,"f:335:24:335:25":17,"s:336:32:336:47":187,"s:338:12:375:Infinity":188,"s:339:31:339:68":189,"b:342:16:344:Infinity:undefined:undefined:undefined:undefined":28,"s:342:16:344:Infinity":190,"s:343:20:343:Infinity":191,"s:346:16:346:Infinity":192,"s:349:16:349:Infinity":193,"s:350:16:350:Infinity":194,"s:353:16:367:Infinity":195,"f:353:44:353:45":18,"b:354:20:366:Infinity:undefined:undefined:undefined:undefined":29,"s:354:20:366:Infinity":196,"s:355:24:355:Infinity":197,"s:356:24:356:Infinity":198,"s:359:42:359:107":199,"b:359:74:359:88:359:91:359:107":30,"s:360:24:365:Infinity":200,"f:360:42:360:43":19,"b:361:28:363:Infinity:undefined:undefined:undefined:undefined":31,"s:361:28:363:Infinity":201,"s:362:32:362:Infinity":202,"s:364:28:364:Infinity":203,"s:370:16:370:Infinity":204,"s:373:16:373:Infinity":205,"s:374:16:374:Infinity":206,"s:377:8:377:Infinity":207,"f:380:4:380:16":20,"s:381:23:381:39":208,"s:382:8:408:Infinity":209,"f:382:24:382:25":21,"s:383:32:383:47":210,"s:385:12:407:Infinity":211,"f:385:51:385:52":22,"b:387:16:389:Infinity:undefined:undefined:undefined:undefined":32,"s:387:16:389:Infinity":212,"s:388:20:388:Infinity":213,"s:391:16:391:Infinity":214,"s:394:16:394:Infinity":215,"s:395:16:395:Infinity":216,"s:398:16:403:Infinity":217,"f:398:44:398:45":23,"b:399:20:402:Infinity:undefined:undefined:undefined:undefined":33,"s:399:20:402:Infinity":218,"s:400:24:400:Infinity":219,"s:401:24:401:Infinity":220,"f:404:15:404:16":24,"s:405:16:405:Infinity":221,"s:406:16:406:Infinity":222,"s:409:8:409:Infinity":223,"f:412:4:412:20":25,"s:413:20:413:58":224,"s:414:23:414:57":225,"s:415:8:415:Infinity":226,"s:417:21:417:53":227,"s:418:23:418:55":228,"b:419:8:422:Infinity:undefined:undefined:undefined:undefined":34,"s:419:8:422:Infinity":229,"s:420:26:420:36":230,"s:421:12:421:Infinity":231,"f:425:4:425:22":26,"s:426:8:426:Infinity":232,"s:427:8:427:Infinity":233,"f:430:4:430:26":27,"s:431:8:431:Infinity":234,"s:432:8:432:Infinity":235,"f:435:4:435:21":28,"b:436:8:436:Infinity:undefined:undefined:undefined:undefined":35,"s:436:8:436:Infinity":236,"s:436:33:436:Infinity":237,"s:438:25:438:47":238,"s:439:8:447:Infinity":239,"f:439:36:439:37":29,"b:440:12:446:Infinity:undefined:undefined:undefined:undefined":36,"s:440:12:446:Infinity":240,"b:441:16:445:Infinity:443:23:445:Infinity":37,"s:441:16:445:Infinity":241,"s:442:20:442:Infinity":242,"f:442:43:442:46":30,"s:442:50:442:73":243,"s:444:20:444:Infinity":244,"f:450:4:450:25":31,"s:451:8:451:Infinity":245,"f:454:4:454:18":32,"s:455:8:455:Infinity":246,"f:458:4:458:19":33,"b:459:8:459:Infinity:undefined:undefined:undefined:undefined":38,"s:459:8:459:Infinity":247,"s:459:33:459:Infinity":248,"s:461:8:469:Infinity":249,"f:461:36:461:37":34,"b:462:12:468:Infinity:undefined:undefined:undefined:undefined":39,"s:462:12:468:Infinity":250,"b:463:16:467:Infinity:465:23:467:Infinity":40,"s:463:16:467:Infinity":251,"s:464:20:464:Infinity":252,"f:464:43:464:46":35,"s:464:50:464:80":253,"s:466:20:466:Infinity":254,"f:472:4:472:15":36,"s:473:8:473:Infinity":255,"s:474:8:474:Infinity":256,"s:475:8:475:Infinity":257,"f:478:4:478:18":37,"s:479:23:479:62":258,"s:480:8:480:Infinity":259,"s:481:8:481:Infinity":260,"s:482:8:482:Infinity":261,"f:485:4:485:13":38,"s:486:8:486:Infinity":262,"s:487:28:487:45":263,"s:488:24:488:51":264,"b:490:8:495:Infinity:undefined:undefined:undefined:undefined":41,"s:490:8:495:Infinity":265,"s:491:24:491:70":266,"s:492:12:492:Infinity":267,"s:493:12:493:Infinity":268,"s:494:12:494:Infinity":269,"f:498:4:498:11":39,"s:499:8:499:Infinity":270,"f:499:30:499:31":40,"s:499:36:499:50":271,"b:502:8:505:Infinity:undefined:undefined:undefined:undefined":42,"s:502:8:505:Infinity":272,"b:502:12:502:30:502:34:502:49":43,"s:503:12:503:Infinity":273,"s:504:12:504:Infinity":274,"s:507:8:507:Infinity":275,"s:508:8:508:Infinity":276,"s:509:8:509:Infinity":277,"b:516:0:518:Infinity:undefined:undefined:undefined:undefined":44,"s:516:0:518:Infinity":278,"s:517:4:517:Infinity":279}}}
}
